#! /c/Source/iverilog-install/bin/vvp
:ivl_version "12.0 (devel)" "(s20150603-1539-g2693dd32b)";
:ivl_delay_selection "TYPICAL";
:vpi_time_precision - 12;
:vpi_module "C:\iverilog\lib\ivl\system.vpi";
:vpi_module "C:\iverilog\lib\ivl\vhdl_sys.vpi";
:vpi_module "C:\iverilog\lib\ivl\vhdl_textio.vpi";
:vpi_module "C:\iverilog\lib\ivl\v2005_math.vpi";
:vpi_module "C:\iverilog\lib\ivl\va_math.vpi";
S_000001fcf6465b90 .scope module, "mux21_tb" "mux21_tb" 2 2;
 .timescale -9 -12;
v000001fcf6462f90_0 .var "a", 0 0;
v000001fcf6463030_0 .var "b", 0 0;
v000001fcf64630d0_0 .var/i "i", 31 0;
v000001fcf6463170_0 .net "q", 0 0, L_000001fcf64632b0;  1 drivers
v000001fcf6463210_0 .var "s", 0 0;
S_000001fcf6465d20 .scope module, "m1" "mux21" 2 6, 3 1 0, S_000001fcf6465b90;
 .timescale 0 0;
    .port_info 0 /INPUT 1 "a";
    .port_info 1 /INPUT 1 "b";
    .port_info 2 /INPUT 1 "s";
    .port_info 3 /OUTPUT 1 "q";
L_000001fcf6432d70 .functor NOT 1, v000001fcf6463210_0, C4<0>, C4<0>, C4<0>;
L_000001fcf64331d0 .functor AND 1, L_000001fcf6432d70, v000001fcf6462f90_0, C4<1>, C4<1>;
L_000001fcf6433330 .functor AND 1, v000001fcf6463210_0, v000001fcf6463030_0, C4<1>, C4<1>;
L_000001fcf64632b0 .functor OR 1, L_000001fcf64331d0, L_000001fcf6433330, C4<0>, C4<0>;
v000001fcf62480c0_0 .net *"_ivl_0", 0 0, L_000001fcf6432d70;  1 drivers
v000001fcf6465eb0_0 .net *"_ivl_2", 0 0, L_000001fcf64331d0;  1 drivers
v000001fcf6465f50_0 .net *"_ivl_4", 0 0, L_000001fcf6433330;  1 drivers
v000001fcf624ad20_0 .net "a", 0 0, v000001fcf6462f90_0;  1 drivers
v000001fcf624adc0_0 .net "b", 0 0, v000001fcf6463030_0;  1 drivers
v000001fcf624ae60_0 .net "q", 0 0, L_000001fcf64632b0;  alias, 1 drivers
v000001fcf624af00_0 .net "s", 0 0, v000001fcf6463210_0;  1 drivers
    .scope S_000001fcf6465b90;
T_0 ;
    %vpi_call 2 9 "$dumpfile", "mux.vcd" {0 0 0};
    %vpi_call 2 10 "$dumpvars", 32'sb00000000000000000000000000000000, S_000001fcf6465b90 {0 0 0};
    %pushi/vec4 0, 0, 32;
    %store/vec4 v000001fcf64630d0_0, 0, 32;
T_0.0 ;
    %load/vec4 v000001fcf64630d0_0;
    %cmpi/s 8, 0, 32;
    %jmp/0xz T_0.1, 5;
    %load/vec4 v000001fcf64630d0_0;
    %pad/s 3;
    %split/vec4 1;
    %store/vec4 v000001fcf6463030_0, 0, 1;
    %split/vec4 1;
    %store/vec4 v000001fcf6462f90_0, 0, 1;
    %store/vec4 v000001fcf6463210_0, 0, 1;
    %delay 10000, 0;
    %load/vec4 v000001fcf64630d0_0;
    %addi 1, 0, 32;
    %store/vec4 v000001fcf64630d0_0, 0, 32;
    %jmp T_0.0;
T_0.1 ;
    %vpi_call 2 15 "$finish" {0 0 0};
    %end;
    .thread T_0;
# The file index is used to find the file name in the following table.
:file_names 4;
    "N/A";
    "<interactive>";
    "tb_mux21.v";
    "mux21.v";
